{"level":"info","message":"[mongoMeili] Creating new index: convos"}
{"level":"info","message":"[mongoMeili] Creating new index: messages"}
{"canceledBy":null,"details":{"primaryKey":"conversationId"},"duration":"PT0.064492071S","enqueuedAt":"2026-04-07T07:45:24.321Z","error":null,"finishedAt":"2026-04-07T07:45:24.394Z","indexUid":"convos","level":"debug","message":"[mongoMeili] Index convos creation task:","startedAt":"2026-04-07T07:45:24.330Z","status":"succeeded","type":"indexCreation","uid":0}
{"level":"info","message":"[mongoMeili] Successfully created index: convos"}
{"level":"debug","message":"[mongoMeili] Updated index convos settings to make 'user' filterable"}
{"canceledBy":null,"details":{"primaryKey":"messageId"},"duration":"PT0.065065031S","enqueuedAt":"2026-04-07T07:45:24.383Z","error":null,"finishedAt":"2026-04-07T07:45:24.472Z","indexUid":"messages","level":"debug","message":"[mongoMeili] Index messages creation task:","startedAt":"2026-04-07T07:45:24.407Z","status":"succeeded","type":"indexCreation","uid":1}
{"level":"info","message":"[mongoMeili] Successfully created index: messages"}
{"level":"debug","message":"[mongoMeili] Updated index messages settings to make 'user' filterable"}
{"code":"document_not_found","httpStatus":404,"level":"debug","link":"https://docs.meilisearch.com/errors#document_not_found","message":"[MeiliMongooseModel.findOneAndUpdate] Convo not found in MeiliSearch and will index d636efe0-4975-4c99-82b9-ff23e82cb3a0 Document `d636efe0-4975-4c99-82b9-ff23e82cb3a0` not found.","name":"MeiliSearchApiError","stack":"MeiliSearchApiError: Document `d636efe0-4975-4c99-82b9-ff23e82cb3a0` not found.\n    at /app/node_modules/meilisearch/dist/bundles/meilisearch.cjs.js:378:19\n    at Generator.next (<anonymous>)\n    at fulfilled (/app/node_modules/meilisearch/dist/bundles/meilisearch.cjs.js:298:58)\n    at process.processTicksAndRejections (node:internal/process/task_queues:95:5)","type":"invalid_request"}
{"level":"debug","message":"[mongoMeili] Index messages already exists"}
{"level":"debug","message":"[mongoMeili] Index convos already exists"}
{"level":"debug","message":"[mongoMeili] Updated index convos settings to make 'user' filterable"}
{"level":"debug","message":"[mongoMeili] Updated index messages settings to make 'user' filterable"}
{"code":"document_not_found","httpStatus":404,"level":"debug","link":"https://docs.meilisearch.com/errors#document_not_found","message":"[MeiliMongooseModel.findOneAndUpdate] Convo not found in MeiliSearch and will index 6bf51d05-473d-43ff-bffb-207910305f97 Document `6bf51d05-473d-43ff-bffb-207910305f97` not found.","name":"MeiliSearchApiError","stack":"MeiliSearchApiError: Document `6bf51d05-473d-43ff-bffb-207910305f97` not found.\n    at /app/node_modules/meilisearch/dist/bundles/meilisearch.cjs.js:378:19\n    at Generator.next (<anonymous>)\n    at fulfilled (/app/node_modules/meilisearch/dist/bundles/meilisearch.cjs.js:298:58)\n    at process.processTicksAndRejections (node:internal/process/task_queues:95:5)","type":"invalid_request"}
{"code":"document_not_found","httpStatus":404,"level":"debug","link":"https://docs.meilisearch.com/errors#document_not_found","message":"[MeiliMongooseModel.findOneAndUpdate] Convo not found in MeiliSearch and will index ff304cfe-2e8b-4576-9edd-a4aa2aa3dcda Document `ff304cfe-2e8b-4576-9edd-a4aa2aa3dcda` not found.","name":"MeiliSearchApiError","stack":"MeiliSearchApiError: Document `ff304cfe-2e8b-4576-9edd-a4aa2aa3dcda` not found.\n    at /app/node_modules/meilisearch/dist/bundles/meilisearch.cjs.js:378:19\n    at Generator.next (<anonymous>)\n    at fulfilled (/app/node_modules/meilisearch/dist/bundles/meilisearch.cjs.js:298:58)\n    at process.processTicksAndRejections (node:internal/process/task_queues:95:5)","type":"invalid_request"}
{"level":"debug","message":"[mongoMeili] Index messages already exists"}
{"level":"debug","message":"[mongoMeili] Index convos already exists"}
{"level":"debug","message":"[mongoMeili] Updated index convos settings to make 'user' filterable"}
{"level":"debug","message":"[mongoMeili] Updated index messages settings to make 'user' filterable"}
{"level":"debug","message":"[mongoMeili] Index messages already exists"}
{"level":"debug","message":"[mongoMeili] Index convos already exists"}
{"level":"debug","message":"[mongoMeili] Updated index messages settings to make 'user' filterable"}
{"level":"debug","message":"[mongoMeili] Updated index convos settings to make 'user' filterable"}
{"code":"document_not_found","httpStatus":404,"level":"debug","link":"https://docs.meilisearch.com/errors#document_not_found","message":"[MeiliMongooseModel.findOneAndUpdate] Convo not found in MeiliSearch and will index ce63c216-4989-49ed-ba9e-c56c9164128b Document `ce63c216-4989-49ed-ba9e-c56c9164128b` not found.","name":"MeiliSearchApiError","stack":"MeiliSearchApiError: Document `ce63c216-4989-49ed-ba9e-c56c9164128b` not found.\n    at /app/node_modules/meilisearch/dist/bundles/meilisearch.cjs.js:378:19\n    at Generator.next (<anonymous>)\n    at fulfilled (/app/node_modules/meilisearch/dist/bundles/meilisearch.cjs.js:298:58)\n    at process.processTicksAndRejections (node:internal/process/task_queues:95:5)","type":"invalid_request"}
{"code":"document_not_found","httpStatus":404,"level":"debug","link":"https://docs.meilisearch.com/errors#document_not_found","message":"[MeiliMongooseModel.findOneAndUpdate] Convo not found in MeiliSearch and will index 73bc8975-c24a-4b35-92c1-3236eb76a77d Document `73bc8975-c24a-4b35-92c1-3236eb76a77d` not found.","name":"MeiliSearchApiError","stack":"MeiliSearchApiError: Document `73bc8975-c24a-4b35-92c1-3236eb76a77d` not found.\n    at /app/node_modules/meilisearch/dist/bundles/meilisearch.cjs.js:378:19\n    at Generator.next (<anonymous>)\n    at fulfilled (/app/node_modules/meilisearch/dist/bundles/meilisearch.cjs.js:298:58)\n    at process.processTicksAndRejections (node:internal/process/task_queues:95:5)","type":"invalid_request"}
