{"level":"debug","message":"[mongoMeili] Index convos already exists"}
{"level":"debug","message":"[mongoMeili] Index messages already exists"}
{"level":"debug","message":"[mongoMeili] Updated index convos settings to make 'user' filterable"}
{"level":"debug","message":"[mongoMeili] Updated index messages settings to make 'user' filterable"}
{"code":"document_not_found","httpStatus":404,"level":"debug","link":"https://docs.meilisearch.com/errors#document_not_found","message":"[MeiliMongooseModel.findOneAndUpdate] Convo not found in MeiliSearch and will index 0ed0ad50-9ba7-49c9-ab5e-f310f91e88c9 Document `0ed0ad50-9ba7-49c9-ab5e-f310f91e88c9` not found.","name":"MeiliSearchApiError","stack":"MeiliSearchApiError: Document `0ed0ad50-9ba7-49c9-ab5e-f310f91e88c9` not found.\n    at /app/node_modules/meilisearch/dist/bundles/meilisearch.cjs.js:378:19\n    at Generator.next (<anonymous>)\n    at fulfilled (/app/node_modules/meilisearch/dist/bundles/meilisearch.cjs.js:298:58)\n    at process.processTicksAndRejections (node:internal/process/task_queues:95:5)","type":"invalid_request"}
{"code":"document_not_found","httpStatus":404,"level":"debug","link":"https://docs.meilisearch.com/errors#document_not_found","message":"[MeiliMongooseModel.findOneAndUpdate] Convo not found in MeiliSearch and will index 0ed0ad50-9ba7-49c9-ab5e-f310f91e88c9 Document `0ed0ad50-9ba7-49c9-ab5e-f310f91e88c9` not found.","name":"MeiliSearchApiError","stack":"MeiliSearchApiError: Document `0ed0ad50-9ba7-49c9-ab5e-f310f91e88c9` not found.\n    at /app/node_modules/meilisearch/dist/bundles/meilisearch.cjs.js:378:19\n    at Generator.next (<anonymous>)\n    at fulfilled (/app/node_modules/meilisearch/dist/bundles/meilisearch.cjs.js:298:58)\n    at process.processTicksAndRejections (node:internal/process/task_queues:95:5)","type":"invalid_request"}
{"code":"document_not_found","httpStatus":404,"level":"debug","link":"https://docs.meilisearch.com/errors#document_not_found","message":"[MeiliMongooseModel.findOneAndUpdate] Convo not found in MeiliSearch and will index 0ed0ad50-9ba7-49c9-ab5e-f310f91e88c9 Document `0ed0ad50-9ba7-49c9-ab5e-f310f91e88c9` not found.","name":"MeiliSearchApiError","stack":"MeiliSearchApiError: Document `0ed0ad50-9ba7-49c9-ab5e-f310f91e88c9` not found.\n    at /app/node_modules/meilisearch/dist/bundles/meilisearch.cjs.js:378:19\n    at Generator.next (<anonymous>)\n    at fulfilled (/app/node_modules/meilisearch/dist/bundles/meilisearch.cjs.js:298:58)\n    at process.processTicksAndRejections (node:internal/process/task_queues:95:5)","type":"invalid_request"}
{"code":"document_not_found","httpStatus":404,"level":"debug","link":"https://docs.meilisearch.com/errors#document_not_found","message":"[MeiliMongooseModel.findOneAndUpdate] Convo not found in MeiliSearch and will index 0ed0ad50-9ba7-49c9-ab5e-f310f91e88c9 Document `0ed0ad50-9ba7-49c9-ab5e-f310f91e88c9` not found.","name":"MeiliSearchApiError","stack":"MeiliSearchApiError: Document `0ed0ad50-9ba7-49c9-ab5e-f310f91e88c9` not found.\n    at /app/node_modules/meilisearch/dist/bundles/meilisearch.cjs.js:378:19\n    at Generator.next (<anonymous>)\n    at fulfilled (/app/node_modules/meilisearch/dist/bundles/meilisearch.cjs.js:298:58)\n    at process.processTicksAndRejections (node:internal/process/task_queues:95:5)","type":"invalid_request"}
{"code":"document_not_found","httpStatus":404,"level":"debug","link":"https://docs.meilisearch.com/errors#document_not_found","message":"[MeiliMongooseModel.findOneAndUpdate] Convo not found in MeiliSearch and will index 0ed0ad50-9ba7-49c9-ab5e-f310f91e88c9 Document `0ed0ad50-9ba7-49c9-ab5e-f310f91e88c9` not found.","name":"MeiliSearchApiError","stack":"MeiliSearchApiError: Document `0ed0ad50-9ba7-49c9-ab5e-f310f91e88c9` not found.\n    at /app/node_modules/meilisearch/dist/bundles/meilisearch.cjs.js:378:19\n    at Generator.next (<anonymous>)\n    at fulfilled (/app/node_modules/meilisearch/dist/bundles/meilisearch.cjs.js:298:58)\n    at process.processTicksAndRejections (node:internal/process/task_queues:95:5)","type":"invalid_request"}
{"code":"document_not_found","httpStatus":404,"level":"debug","link":"https://docs.meilisearch.com/errors#document_not_found","message":"[MeiliMongooseModel.findOneAndUpdate] Convo not found in MeiliSearch and will index 0ed0ad50-9ba7-49c9-ab5e-f310f91e88c9 Document `0ed0ad50-9ba7-49c9-ab5e-f310f91e88c9` not found.","name":"MeiliSearchApiError","stack":"MeiliSearchApiError: Document `0ed0ad50-9ba7-49c9-ab5e-f310f91e88c9` not found.\n    at /app/node_modules/meilisearch/dist/bundles/meilisearch.cjs.js:378:19\n    at Generator.next (<anonymous>)\n    at fulfilled (/app/node_modules/meilisearch/dist/bundles/meilisearch.cjs.js:298:58)\n    at process.processTicksAndRejections (node:internal/process/task_queues:95:5)","type":"invalid_request"}
{"code":"document_not_found","httpStatus":404,"level":"debug","link":"https://docs.meilisearch.com/errors#document_not_found","message":"[MeiliMongooseModel.findOneAndUpdate] Convo not found in MeiliSearch and will index 0ed0ad50-9ba7-49c9-ab5e-f310f91e88c9 Document `0ed0ad50-9ba7-49c9-ab5e-f310f91e88c9` not found.","name":"MeiliSearchApiError","stack":"MeiliSearchApiError: Document `0ed0ad50-9ba7-49c9-ab5e-f310f91e88c9` not found.\n    at /app/node_modules/meilisearch/dist/bundles/meilisearch.cjs.js:378:19\n    at Generator.next (<anonymous>)\n    at fulfilled (/app/node_modules/meilisearch/dist/bundles/meilisearch.cjs.js:298:58)\n    at process.processTicksAndRejections (node:internal/process/task_queues:95:5)","type":"invalid_request"}
{"code":"document_not_found","httpStatus":404,"level":"debug","link":"https://docs.meilisearch.com/errors#document_not_found","message":"[MeiliMongooseModel.findOneAndUpdate] Convo not found in MeiliSearch and will index 0ed0ad50-9ba7-49c9-ab5e-f310f91e88c9 Document `0ed0ad50-9ba7-49c9-ab5e-f310f91e88c9` not found.","name":"MeiliSearchApiError","stack":"MeiliSearchApiError: Document `0ed0ad50-9ba7-49c9-ab5e-f310f91e88c9` not found.\n    at /app/node_modules/meilisearch/dist/bundles/meilisearch.cjs.js:378:19\n    at Generator.next (<anonymous>)\n    at fulfilled (/app/node_modules/meilisearch/dist/bundles/meilisearch.cjs.js:298:58)\n    at process.processTicksAndRejections (node:internal/process/task_queues:95:5)","type":"invalid_request"}
{"code":"document_not_found","httpStatus":404,"level":"debug","link":"https://docs.meilisearch.com/errors#document_not_found","message":"[MeiliMongooseModel.findOneAndUpdate] Convo not found in MeiliSearch and will index 4a2e34ac-0e98-434d-b507-941921e49dac Document `4a2e34ac-0e98-434d-b507-941921e49dac` not found.","name":"MeiliSearchApiError","stack":"MeiliSearchApiError: Document `4a2e34ac-0e98-434d-b507-941921e49dac` not found.\n    at /app/node_modules/meilisearch/dist/bundles/meilisearch.cjs.js:378:19\n    at Generator.next (<anonymous>)\n    at fulfilled (/app/node_modules/meilisearch/dist/bundles/meilisearch.cjs.js:298:58)\n    at process.processTicksAndRejections (node:internal/process/task_queues:95:5)","type":"invalid_request"}
{"level":"debug","message":"[mongoMeili] Index convos already exists"}
{"level":"debug","message":"[mongoMeili] Index messages already exists"}
{"level":"debug","message":"[mongoMeili] Updated index convos settings to make 'user' filterable"}
{"level":"debug","message":"[mongoMeili] Updated index messages settings to make 'user' filterable"}
{"level":"debug","message":"[mongoMeili] Index messages already exists"}
{"level":"debug","message":"[mongoMeili] Index convos already exists"}
{"level":"debug","message":"[mongoMeili] Updated index convos settings to make 'user' filterable"}
{"level":"debug","message":"[mongoMeili] Updated index messages settings to make 'user' filterable"}
{"level":"debug","message":"[mongoMeili] Index messages already exists"}
{"level":"debug","message":"[mongoMeili] Index convos already exists"}
{"level":"debug","message":"[mongoMeili] Updated index messages settings to make 'user' filterable"}
{"level":"debug","message":"[mongoMeili] Updated index convos settings to make 'user' filterable"}
{"level":"debug","message":"[mongoMeili] Index convos already exists"}
{"level":"debug","message":"[mongoMeili] Index messages already exists"}
{"level":"debug","message":"[mongoMeili] Updated index convos settings to make 'user' filterable"}
{"level":"debug","message":"[mongoMeili] Updated index messages settings to make 'user' filterable"}
{"level":"debug","message":"[mongoMeili] Index convos already exists"}
{"level":"debug","message":"[mongoMeili] Index messages already exists"}
{"level":"debug","message":"[mongoMeili] Updated index convos settings to make 'user' filterable"}
{"level":"debug","message":"[mongoMeili] Updated index messages settings to make 'user' filterable"}
{"level":"debug","message":"[mongoMeili] Index messages already exists"}
{"level":"debug","message":"[mongoMeili] Index convos already exists"}
{"level":"debug","message":"[mongoMeili] Updated index messages settings to make 'user' filterable"}
{"level":"debug","message":"[mongoMeili] Updated index convos settings to make 'user' filterable"}
{"level":"debug","message":"[mongoMeili] Index convos already exists"}
{"level":"debug","message":"[mongoMeili] Index messages already exists"}
{"level":"debug","message":"[mongoMeili] Updated index convos settings to make 'user' filterable"}
{"level":"debug","message":"[mongoMeili] Updated index messages settings to make 'user' filterable"}
{"level":"debug","message":"[mongoMeili] Index messages already exists"}
{"level":"debug","message":"[mongoMeili] Index convos already exists"}
{"level":"debug","message":"[mongoMeili] Updated index messages settings to make 'user' filterable"}
{"level":"debug","message":"[mongoMeili] Updated index convos settings to make 'user' filterable"}
{"level":"debug","message":"[mongoMeili] Index convos already exists"}
{"level":"debug","message":"[mongoMeili] Index messages already exists"}
{"level":"debug","message":"[mongoMeili] Updated index convos settings to make 'user' filterable"}
{"level":"debug","message":"[mongoMeili] Updated index messages settings to make 'user' filterable"}
{"level":"debug","message":"[mongoMeili] Index messages already exists"}
{"level":"debug","message":"[mongoMeili] Index convos already exists"}
{"level":"debug","message":"[mongoMeili] Updated index messages settings to make 'user' filterable"}
{"level":"debug","message":"[mongoMeili] Updated index convos settings to make 'user' filterable"}
{"code":"document_not_found","httpStatus":404,"level":"debug","link":"https://docs.meilisearch.com/errors#document_not_found","message":"[MeiliMongooseModel.findOneAndUpdate] Convo not found in MeiliSearch and will index 2b1247c4-c91c-4f28-96bc-5c42edcd6354 Document `2b1247c4-c91c-4f28-96bc-5c42edcd6354` not found.","name":"MeiliSearchApiError","stack":"MeiliSearchApiError: Document `2b1247c4-c91c-4f28-96bc-5c42edcd6354` not found.\n    at /app/node_modules/meilisearch/dist/bundles/meilisearch.cjs.js:378:19\n    at Generator.next (<anonymous>)\n    at fulfilled (/app/node_modules/meilisearch/dist/bundles/meilisearch.cjs.js:298:58)\n    at process.processTicksAndRejections (node:internal/process/task_queues:95:5)","type":"invalid_request"}
{"code":"document_not_found","httpStatus":404,"level":"debug","link":"https://docs.meilisearch.com/errors#document_not_found","message":"[MeiliMongooseModel.findOneAndUpdate] Convo not found in MeiliSearch and will index 155def56-13cd-4334-a7a7-c02df5bcd4d8 Document `155def56-13cd-4334-a7a7-c02df5bcd4d8` not found.","name":"MeiliSearchApiError","stack":"MeiliSearchApiError: Document `155def56-13cd-4334-a7a7-c02df5bcd4d8` not found.\n    at /app/node_modules/meilisearch/dist/bundles/meilisearch.cjs.js:378:19\n    at Generator.next (<anonymous>)\n    at fulfilled (/app/node_modules/meilisearch/dist/bundles/meilisearch.cjs.js:298:58)\n    at process.processTicksAndRejections (node:internal/process/task_queues:95:5)","type":"invalid_request"}
{"level":"debug","message":"[mongoMeili] Index messages already exists"}
{"level":"debug","message":"[mongoMeili] Index convos already exists"}
{"level":"debug","message":"[mongoMeili] Updated index messages settings to make 'user' filterable"}
{"level":"debug","message":"[mongoMeili] Updated index convos settings to make 'user' filterable"}
{"level":"debug","message":"[mongoMeili] Index convos already exists"}
{"level":"debug","message":"[mongoMeili] Index messages already exists"}
{"level":"debug","message":"[mongoMeili] Updated index convos settings to make 'user' filterable"}
{"level":"debug","message":"[mongoMeili] Updated index messages settings to make 'user' filterable"}
{"code":"document_not_found","httpStatus":404,"level":"debug","link":"https://docs.meilisearch.com/errors#document_not_found","message":"[MeiliMongooseModel.findOneAndUpdate] Convo not found in MeiliSearch and will index 6b0560c5-f970-44e7-8a73-1f6a7291c5ca Document `6b0560c5-f970-44e7-8a73-1f6a7291c5ca` not found.","name":"MeiliSearchApiError","stack":"MeiliSearchApiError: Document `6b0560c5-f970-44e7-8a73-1f6a7291c5ca` not found.\n    at /app/node_modules/meilisearch/dist/bundles/meilisearch.cjs.js:378:19\n    at Generator.next (<anonymous>)\n    at fulfilled (/app/node_modules/meilisearch/dist/bundles/meilisearch.cjs.js:298:58)\n    at process.processTicksAndRejections (node:internal/process/task_queues:95:5)","type":"invalid_request"}
{"code":"document_not_found","httpStatus":404,"level":"debug","link":"https://docs.meilisearch.com/errors#document_not_found","message":"[MeiliMongooseModel.findOneAndUpdate] Convo not found in MeiliSearch and will index aab8d8d6-8ffa-46f0-8e3a-60e0f7f5ec97 Document `aab8d8d6-8ffa-46f0-8e3a-60e0f7f5ec97` not found.","name":"MeiliSearchApiError","stack":"MeiliSearchApiError: Document `aab8d8d6-8ffa-46f0-8e3a-60e0f7f5ec97` not found.\n    at /app/node_modules/meilisearch/dist/bundles/meilisearch.cjs.js:378:19\n    at Generator.next (<anonymous>)\n    at fulfilled (/app/node_modules/meilisearch/dist/bundles/meilisearch.cjs.js:298:58)\n    at process.processTicksAndRejections (node:internal/process/task_queues:95:5)","type":"invalid_request"}
{"code":"document_not_found","httpStatus":404,"level":"debug","link":"https://docs.meilisearch.com/errors#document_not_found","message":"[MeiliMongooseModel.findOneAndUpdate] Convo not found in MeiliSearch and will index 5460282a-0927-419b-b73b-cd915f728cb0 Document `5460282a-0927-419b-b73b-cd915f728cb0` not found.","name":"MeiliSearchApiError","stack":"MeiliSearchApiError: Document `5460282a-0927-419b-b73b-cd915f728cb0` not found.\n    at /app/node_modules/meilisearch/dist/bundles/meilisearch.cjs.js:378:19\n    at Generator.next (<anonymous>)\n    at fulfilled (/app/node_modules/meilisearch/dist/bundles/meilisearch.cjs.js:298:58)\n    at process.processTicksAndRejections (node:internal/process/task_queues:95:5)","type":"invalid_request"}
{"level":"debug","message":"[mongoMeili] Index convos already exists"}
{"level":"debug","message":"[mongoMeili] Index messages already exists"}
{"level":"debug","message":"[mongoMeili] Updated index convos settings to make 'user' filterable"}
{"level":"debug","message":"[mongoMeili] Updated index messages settings to make 'user' filterable"}
{"code":"document_not_found","httpStatus":404,"level":"debug","link":"https://docs.meilisearch.com/errors#document_not_found","message":"[MeiliMongooseModel.findOneAndUpdate] Convo not found in MeiliSearch and will index 2156050b-2894-415d-818d-29c33fe5adb4 Document `2156050b-2894-415d-818d-29c33fe5adb4` not found.","name":"MeiliSearchApiError","stack":"MeiliSearchApiError: Document `2156050b-2894-415d-818d-29c33fe5adb4` not found.\n    at /app/node_modules/meilisearch/dist/bundles/meilisearch.cjs.js:378:19\n    at Generator.next (<anonymous>)\n    at fulfilled (/app/node_modules/meilisearch/dist/bundles/meilisearch.cjs.js:298:58)\n    at process.processTicksAndRejections (node:internal/process/task_queues:95:5)","type":"invalid_request"}
{"level":"debug","message":"[mongoMeili] Index messages already exists"}
{"level":"debug","message":"[mongoMeili] Index convos already exists"}
{"level":"debug","message":"[mongoMeili] Updated index messages settings to make 'user' filterable"}
{"level":"debug","message":"[mongoMeili] Updated index convos settings to make 'user' filterable"}
{"code":"document_not_found","httpStatus":404,"level":"debug","link":"https://docs.meilisearch.com/errors#document_not_found","message":"[MeiliMongooseModel.findOneAndUpdate] Convo not found in MeiliSearch and will index 083c758e-1fe6-4203-927c-7cf0f0676217 Document `083c758e-1fe6-4203-927c-7cf0f0676217` not found.","name":"MeiliSearchApiError","stack":"MeiliSearchApiError: Document `083c758e-1fe6-4203-927c-7cf0f0676217` not found.\n    at /app/node_modules/meilisearch/dist/bundles/meilisearch.cjs.js:378:19\n    at Generator.next (<anonymous>)\n    at fulfilled (/app/node_modules/meilisearch/dist/bundles/meilisearch.cjs.js:298:58)\n    at process.processTicksAndRejections (node:internal/process/task_queues:95:5)","type":"invalid_request"}
{"level":"debug","message":"[mongoMeili] Index convos already exists"}
{"level":"debug","message":"[mongoMeili] Index messages already exists"}
{"level":"debug","message":"[mongoMeili] Updated index convos settings to make 'user' filterable"}
{"level":"debug","message":"[mongoMeili] Updated index messages settings to make 'user' filterable"}
{"level":"debug","message":"[mongoMeili] Index convos already exists"}
{"level":"debug","message":"[mongoMeili] Index messages already exists"}
{"level":"debug","message":"[mongoMeili] Updated index convos settings to make 'user' filterable"}
{"level":"debug","message":"[mongoMeili] Updated index messages settings to make 'user' filterable"}
{"code":"document_not_found","httpStatus":404,"level":"debug","link":"https://docs.meilisearch.com/errors#document_not_found","message":"[MeiliMongooseModel.findOneAndUpdate] Convo not found in MeiliSearch and will index 355121ff-1c65-4738-a35c-5753ed42550a Document `355121ff-1c65-4738-a35c-5753ed42550a` not found.","name":"MeiliSearchApiError","stack":"MeiliSearchApiError: Document `355121ff-1c65-4738-a35c-5753ed42550a` not found.\n    at /app/node_modules/meilisearch/dist/bundles/meilisearch.cjs.js:378:19\n    at Generator.next (<anonymous>)\n    at fulfilled (/app/node_modules/meilisearch/dist/bundles/meilisearch.cjs.js:298:58)\n    at process.processTicksAndRejections (node:internal/process/task_queues:95:5)","type":"invalid_request"}
{"code":"document_not_found","httpStatus":404,"level":"debug","link":"https://docs.meilisearch.com/errors#document_not_found","message":"[MeiliMongooseModel.findOneAndUpdate] Convo not found in MeiliSearch and will index 355121ff-1c65-4738-a35c-5753ed42550a Document `355121ff-1c65-4738-a35c-5753ed42550a` not found.","name":"MeiliSearchApiError","stack":"MeiliSearchApiError: Document `355121ff-1c65-4738-a35c-5753ed42550a` not found.\n    at /app/node_modules/meilisearch/dist/bundles/meilisearch.cjs.js:378:19\n    at Generator.next (<anonymous>)\n    at fulfilled (/app/node_modules/meilisearch/dist/bundles/meilisearch.cjs.js:298:58)\n    at process.processTicksAndRejections (node:internal/process/task_queues:95:5)","type":"invalid_request"}
{"level":"debug","message":"[MeiliMongooseModel.findOneAndUpdate] Convo not found in MeiliSearch and will index 355121ff-1c65-4738-a35c-5753ed42550a fetch failed","name":"MeiliSearchCommunicationError","stack":"MeiliSearchCommunicationError: fetch failed\n    at node:internal/deps/undici/undici:14976:13\n    at process.processTicksAndRejections (node:internal/process/task_queues:95:5)"}
{"level":"error","message":"[addObjectToMeili] Error adding document to Meili after retries: fetch failed","name":"MeiliSearchCommunicationError","stack":"MeiliSearchCommunicationError: fetch failed\n    at node:internal/deps/undici/undici:14976:13\n    at process.processTicksAndRejections (node:internal/process/task_queues:95:5)"}
{"level":"error","message":"[addObjectToMeili] Error adding document to Meili after retries: fetch failed","name":"MeiliSearchCommunicationError","stack":"MeiliSearchCommunicationError: fetch failed\n    at node:internal/deps/undici/undici:14976:13\n    at process.processTicksAndRejections (node:internal/process/task_queues:95:5)"}
{"level":"debug","message":"[MeiliMongooseModel.findOneAndUpdate] Convo not found in MeiliSearch and will index 355121ff-1c65-4738-a35c-5753ed42550a fetch failed","name":"MeiliSearchCommunicationError","stack":"MeiliSearchCommunicationError: fetch failed\n    at node:internal/deps/undici/undici:14976:13\n    at process.processTicksAndRejections (node:internal/process/task_queues:95:5)"}
{"level":"error","message":"[addObjectToMeili] Error adding document to Meili after retries: fetch failed","name":"MeiliSearchCommunicationError","stack":"MeiliSearchCommunicationError: fetch failed\n    at node:internal/deps/undici/undici:14976:13\n    at process.processTicksAndRejections (node:internal/process/task_queues:95:5)"}
{"level":"error","message":"[addObjectToMeili] Error adding document to Meili after retries: fetch failed","name":"MeiliSearchCommunicationError","stack":"MeiliSearchCommunicationError: fetch failed\n    at node:internal/deps/undici/undici:14976:13\n    at process.processTicksAndRejections (node:internal/process/task_queues:95:5)"}
{"level":"error","message":"[addObjectToMeili] Error adding document to Meili after retries: fetch failed","name":"MeiliSearchCommunicationError","stack":"MeiliSearchCommunicationError: fetch failed\n    at node:internal/deps/undici/undici:14976:13\n    at process.processTicksAndRejections (node:internal/process/task_queues:95:5)"}
{"level":"error","message":"[addObjectToMeili] Error adding document to Meili after retries: fetch failed","name":"MeiliSearchCommunicationError","stack":"MeiliSearchCommunicationError: fetch failed\n    at node:internal/deps/undici/undici:14976:13\n    at process.processTicksAndRejections (node:internal/process/task_queues:95:5)"}
{"level":"error","message":"[mongoMeili] Error checking index convos: fetch failed","name":"MeiliSearchCommunicationError","stack":"MeiliSearchCommunicationError: fetch failed\n    at node:internal/deps/undici/undici:14976:13\n    at process.processTicksAndRejections (node:internal/process/task_queues:95:5)"}
{"level":"error","message":"[mongoMeili] Error checking index messages: fetch failed","name":"MeiliSearchCommunicationError","stack":"MeiliSearchCommunicationError: fetch failed\n    at node:internal/deps/undici/undici:14976:13\n    at process.processTicksAndRejections (node:internal/process/task_queues:95:5)"}
{"level":"error","message":"[mongoMeili] Error updating index settings for convos: fetch failed","name":"MeiliSearchCommunicationError","stack":"MeiliSearchCommunicationError: fetch failed\n    at node:internal/deps/undici/undici:14976:13\n    at process.processTicksAndRejections (node:internal/process/task_queues:95:5)"}
{"level":"error","message":"[mongoMeili] Error updating index settings for messages: fetch failed","name":"MeiliSearchCommunicationError","stack":"MeiliSearchCommunicationError: fetch failed\n    at node:internal/deps/undici/undici:14976:13\n    at process.processTicksAndRejections (node:internal/process/task_queues:95:5)"}
{"level":"error","message":"[mongoMeili] Error checking index convos: fetch failed","name":"MeiliSearchCommunicationError","stack":"MeiliSearchCommunicationError: fetch failed\n    at node:internal/deps/undici/undici:14976:13\n    at process.processTicksAndRejections (node:internal/process/task_queues:95:5)"}
{"level":"error","message":"[mongoMeili] Error checking index messages: fetch failed","name":"MeiliSearchCommunicationError","stack":"MeiliSearchCommunicationError: fetch failed\n    at node:internal/deps/undici/undici:14976:13\n    at process.processTicksAndRejections (node:internal/process/task_queues:95:5)"}
{"level":"error","message":"[mongoMeili] Error updating index settings for convos: fetch failed","name":"MeiliSearchCommunicationError","stack":"MeiliSearchCommunicationError: fetch failed\n    at node:internal/deps/undici/undici:14976:13\n    at process.processTicksAndRejections (node:internal/process/task_queues:95:5)"}
{"level":"error","message":"[mongoMeili] Error updating index settings for messages: fetch failed","name":"MeiliSearchCommunicationError","stack":"MeiliSearchCommunicationError: fetch failed\n    at node:internal/deps/undici/undici:14976:13\n    at process.processTicksAndRejections (node:internal/process/task_queues:95:5)"}
{"level":"error","message":"[mongoMeili] Error checking index convos: fetch failed","name":"MeiliSearchCommunicationError","stack":"MeiliSearchCommunicationError: fetch failed\n    at node:internal/deps/undici/undici:14976:13\n    at process.processTicksAndRejections (node:internal/process/task_queues:95:5)"}
{"level":"error","message":"[mongoMeili] Error checking index messages: fetch failed","name":"MeiliSearchCommunicationError","stack":"MeiliSearchCommunicationError: fetch failed\n    at node:internal/deps/undici/undici:14976:13\n    at process.processTicksAndRejections (node:internal/process/task_queues:95:5)"}
{"level":"error","message":"[mongoMeili] Error updating index settings for convos: fetch failed","name":"MeiliSearchCommunicationError","stack":"MeiliSearchCommunicationError: fetch failed\n    at node:internal/deps/undici/undici:14976:13\n    at process.processTicksAndRejections (node:internal/process/task_queues:95:5)"}
{"level":"error","message":"[mongoMeili] Error updating index settings for messages: fetch failed","name":"MeiliSearchCommunicationError","stack":"MeiliSearchCommunicationError: fetch failed\n    at node:internal/deps/undici/undici:14976:13\n    at process.processTicksAndRejections (node:internal/process/task_queues:95:5)"}
{"level":"error","message":"[mongoMeili] Error checking index convos: fetch failed","name":"MeiliSearchCommunicationError","stack":"MeiliSearchCommunicationError: fetch failed\n    at node:internal/deps/undici/undici:14976:13\n    at process.processTicksAndRejections (node:internal/process/task_queues:95:5)"}
{"level":"error","message":"[mongoMeili] Error checking index messages: fetch failed","name":"MeiliSearchCommunicationError","stack":"MeiliSearchCommunicationError: fetch failed\n    at node:internal/deps/undici/undici:14976:13\n    at process.processTicksAndRejections (node:internal/process/task_queues:95:5)"}
{"level":"error","message":"[mongoMeili] Error updating index settings for convos: fetch failed","name":"MeiliSearchCommunicationError","stack":"MeiliSearchCommunicationError: fetch failed\n    at node:internal/deps/undici/undici:14976:13\n    at process.processTicksAndRejections (node:internal/process/task_queues:95:5)"}
{"level":"error","message":"[mongoMeili] Error updating index settings for messages: fetch failed","name":"MeiliSearchCommunicationError","stack":"MeiliSearchCommunicationError: fetch failed\n    at node:internal/deps/undici/undici:14976:13\n    at process.processTicksAndRejections (node:internal/process/task_queues:95:5)"}
{"level":"error","message":"[mongoMeili] Error checking index convos: fetch failed","name":"MeiliSearchCommunicationError","stack":"MeiliSearchCommunicationError: fetch failed\n    at node:internal/deps/undici/undici:14976:13\n    at process.processTicksAndRejections (node:internal/process/task_queues:95:5)"}
{"level":"error","message":"[mongoMeili] Error checking index messages: fetch failed","name":"MeiliSearchCommunicationError","stack":"MeiliSearchCommunicationError: fetch failed\n    at node:internal/deps/undici/undici:14976:13\n    at process.processTicksAndRejections (node:internal/process/task_queues:95:5)"}
{"level":"error","message":"[mongoMeili] Error updating index settings for convos: fetch failed","name":"MeiliSearchCommunicationError","stack":"MeiliSearchCommunicationError: fetch failed\n    at node:internal/deps/undici/undici:14976:13\n    at process.processTicksAndRejections (node:internal/process/task_queues:95:5)"}
{"level":"error","message":"[mongoMeili] Error updating index settings for messages: fetch failed","name":"MeiliSearchCommunicationError","stack":"MeiliSearchCommunicationError: fetch failed\n    at node:internal/deps/undici/undici:14976:13\n    at process.processTicksAndRejections (node:internal/process/task_queues:95:5)"}
{"level":"error","message":"[mongoMeili] Error checking index convos: fetch failed","name":"MeiliSearchCommunicationError","stack":"MeiliSearchCommunicationError: fetch failed\n    at node:internal/deps/undici/undici:14976:13\n    at process.processTicksAndRejections (node:internal/process/task_queues:95:5)"}
{"level":"error","message":"[mongoMeili] Error checking index messages: fetch failed","name":"MeiliSearchCommunicationError","stack":"MeiliSearchCommunicationError: fetch failed\n    at node:internal/deps/undici/undici:14976:13\n    at process.processTicksAndRejections (node:internal/process/task_queues:95:5)"}
{"level":"error","message":"[mongoMeili] Error updating index settings for convos: fetch failed","name":"MeiliSearchCommunicationError","stack":"MeiliSearchCommunicationError: fetch failed\n    at node:internal/deps/undici/undici:14976:13\n    at process.processTicksAndRejections (node:internal/process/task_queues:95:5)"}
{"level":"error","message":"[mongoMeili] Error updating index settings for messages: fetch failed","name":"MeiliSearchCommunicationError","stack":"MeiliSearchCommunicationError: fetch failed\n    at node:internal/deps/undici/undici:14976:13\n    at process.processTicksAndRejections (node:internal/process/task_queues:95:5)"}
{"level":"error","message":"[mongoMeili] Error checking index convos: fetch failed","name":"MeiliSearchCommunicationError","stack":"MeiliSearchCommunicationError: fetch failed\n    at node:internal/deps/undici/undici:14976:13\n    at process.processTicksAndRejections (node:internal/process/task_queues:95:5)"}
{"level":"error","message":"[mongoMeili] Error checking index messages: fetch failed","name":"MeiliSearchCommunicationError","stack":"MeiliSearchCommunicationError: fetch failed\n    at node:internal/deps/undici/undici:14976:13\n    at process.processTicksAndRejections (node:internal/process/task_queues:95:5)"}
{"level":"error","message":"[mongoMeili] Error updating index settings for convos: fetch failed","name":"MeiliSearchCommunicationError","stack":"MeiliSearchCommunicationError: fetch failed\n    at node:internal/deps/undici/undici:14976:13\n    at process.processTicksAndRejections (node:internal/process/task_queues:95:5)"}
{"level":"error","message":"[mongoMeili] Error updating index settings for messages: fetch failed","name":"MeiliSearchCommunicationError","stack":"MeiliSearchCommunicationError: fetch failed\n    at node:internal/deps/undici/undici:14976:13\n    at process.processTicksAndRejections (node:internal/process/task_queues:95:5)"}
{"level":"error","message":"[mongoMeili] Error checking index convos: fetch failed","name":"MeiliSearchCommunicationError","stack":"MeiliSearchCommunicationError: fetch failed\n    at node:internal/deps/undici/undici:14976:13\n    at process.processTicksAndRejections (node:internal/process/task_queues:95:5)"}
{"level":"error","message":"[mongoMeili] Error checking index messages: fetch failed","name":"MeiliSearchCommunicationError","stack":"MeiliSearchCommunicationError: fetch failed\n    at node:internal/deps/undici/undici:14976:13\n    at process.processTicksAndRejections (node:internal/process/task_queues:95:5)"}
{"level":"error","message":"[mongoMeili] Error updating index settings for convos: fetch failed","name":"MeiliSearchCommunicationError","stack":"MeiliSearchCommunicationError: fetch failed\n    at node:internal/deps/undici/undici:14976:13\n    at process.processTicksAndRejections (node:internal/process/task_queues:95:5)"}
{"level":"error","message":"[mongoMeili] Error updating index settings for messages: fetch failed","name":"MeiliSearchCommunicationError","stack":"MeiliSearchCommunicationError: fetch failed\n    at node:internal/deps/undici/undici:14976:13\n    at process.processTicksAndRejections (node:internal/process/task_queues:95:5)"}
{"level":"error","message":"[mongoMeili] Error checking index messages: fetch failed","name":"MeiliSearchCommunicationError","stack":"MeiliSearchCommunicationError: fetch failed\n    at node:internal/deps/undici/undici:14976:13\n    at process.processTicksAndRejections (node:internal/process/task_queues:95:5)"}
{"level":"error","message":"[mongoMeili] Error checking index convos: fetch failed","name":"MeiliSearchCommunicationError","stack":"MeiliSearchCommunicationError: fetch failed\n    at node:internal/deps/undici/undici:14976:13\n    at process.processTicksAndRejections (node:internal/process/task_queues:95:5)"}
{"level":"error","message":"[mongoMeili] Error updating index settings for messages: fetch failed","name":"MeiliSearchCommunicationError","stack":"MeiliSearchCommunicationError: fetch failed\n    at node:internal/deps/undici/undici:14976:13\n    at process.processTicksAndRejections (node:internal/process/task_queues:95:5)"}
{"level":"error","message":"[mongoMeili] Error updating index settings for convos: fetch failed","name":"MeiliSearchCommunicationError","stack":"MeiliSearchCommunicationError: fetch failed\n    at node:internal/deps/undici/undici:14976:13\n    at process.processTicksAndRejections (node:internal/process/task_queues:95:5)"}
{"level":"error","message":"[mongoMeili] Error checking index convos: fetch failed","name":"MeiliSearchCommunicationError","stack":"MeiliSearchCommunicationError: fetch failed\n    at node:internal/deps/undici/undici:14976:13\n    at process.processTicksAndRejections (node:internal/process/task_queues:95:5)"}
{"level":"error","message":"[mongoMeili] Error checking index messages: fetch failed","name":"MeiliSearchCommunicationError","stack":"MeiliSearchCommunicationError: fetch failed\n    at node:internal/deps/undici/undici:14976:13\n    at process.processTicksAndRejections (node:internal/process/task_queues:95:5)"}
{"level":"error","message":"[mongoMeili] Error updating index settings for convos: fetch failed","name":"MeiliSearchCommunicationError","stack":"MeiliSearchCommunicationError: fetch failed\n    at node:internal/deps/undici/undici:14976:13\n    at process.processTicksAndRejections (node:internal/process/task_queues:95:5)"}
{"level":"error","message":"[mongoMeili] Error updating index settings for messages: fetch failed","name":"MeiliSearchCommunicationError","stack":"MeiliSearchCommunicationError: fetch failed\n    at node:internal/deps/undici/undici:14976:13\n    at process.processTicksAndRejections (node:internal/process/task_queues:95:5)"}
{"level":"error","message":"[mongoMeili] Error checking index convos: fetch failed","name":"MeiliSearchCommunicationError","stack":"MeiliSearchCommunicationError: fetch failed\n    at node:internal/deps/undici/undici:14976:13\n    at process.processTicksAndRejections (node:internal/process/task_queues:95:5)"}
{"level":"error","message":"[mongoMeili] Error checking index messages: fetch failed","name":"MeiliSearchCommunicationError","stack":"MeiliSearchCommunicationError: fetch failed\n    at node:internal/deps/undici/undici:14976:13\n    at process.processTicksAndRejections (node:internal/process/task_queues:95:5)"}
{"level":"error","message":"[mongoMeili] Error updating index settings for convos: fetch failed","name":"MeiliSearchCommunicationError","stack":"MeiliSearchCommunicationError: fetch failed\n    at node:internal/deps/undici/undici:14976:13\n    at process.processTicksAndRejections (node:internal/process/task_queues:95:5)"}
{"level":"error","message":"[mongoMeili] Error updating index settings for messages: fetch failed","name":"MeiliSearchCommunicationError","stack":"MeiliSearchCommunicationError: fetch failed\n    at node:internal/deps/undici/undici:14976:13\n    at process.processTicksAndRejections (node:internal/process/task_queues:95:5)"}
{"level":"error","message":"[mongoMeili] Error checking index convos: fetch failed","name":"MeiliSearchCommunicationError","stack":"MeiliSearchCommunicationError: fetch failed\n    at node:internal/deps/undici/undici:14976:13\n    at process.processTicksAndRejections (node:internal/process/task_queues:95:5)"}
{"level":"error","message":"[mongoMeili] Error checking index messages: fetch failed","name":"MeiliSearchCommunicationError","stack":"MeiliSearchCommunicationError: fetch failed\n    at node:internal/deps/undici/undici:14976:13\n    at process.processTicksAndRejections (node:internal/process/task_queues:95:5)"}
{"level":"error","message":"[mongoMeili] Error updating index settings for convos: fetch failed","name":"MeiliSearchCommunicationError","stack":"MeiliSearchCommunicationError: fetch failed\n    at node:internal/deps/undici/undici:14976:13\n    at process.processTicksAndRejections (node:internal/process/task_queues:95:5)"}
{"level":"error","message":"[mongoMeili] Error updating index settings for messages: fetch failed","name":"MeiliSearchCommunicationError","stack":"MeiliSearchCommunicationError: fetch failed\n    at node:internal/deps/undici/undici:14976:13\n    at process.processTicksAndRejections (node:internal/process/task_queues:95:5)"}
{"level":"error","message":"[mongoMeili] Error checking index convos: fetch failed","name":"MeiliSearchCommunicationError","stack":"MeiliSearchCommunicationError: fetch failed\n    at node:internal/deps/undici/undici:14976:13\n    at process.processTicksAndRejections (node:internal/process/task_queues:95:5)"}
{"level":"error","message":"[mongoMeili] Error checking index messages: fetch failed","name":"MeiliSearchCommunicationError","stack":"MeiliSearchCommunicationError: fetch failed\n    at node:internal/deps/undici/undici:14976:13\n    at process.processTicksAndRejections (node:internal/process/task_queues:95:5)"}
{"level":"error","message":"[mongoMeili] Error updating index settings for convos: fetch failed","name":"MeiliSearchCommunicationError","stack":"MeiliSearchCommunicationError: fetch failed\n    at node:internal/deps/undici/undici:14976:13\n    at process.processTicksAndRejections (node:internal/process/task_queues:95:5)"}
{"level":"error","message":"[mongoMeili] Error updating index settings for messages: fetch failed","name":"MeiliSearchCommunicationError","stack":"MeiliSearchCommunicationError: fetch failed\n    at node:internal/deps/undici/undici:14976:13\n    at process.processTicksAndRejections (node:internal/process/task_queues:95:5)"}
{"level":"error","message":"[mongoMeili] Error checking index convos: fetch failed","name":"MeiliSearchCommunicationError","stack":"MeiliSearchCommunicationError: fetch failed\n    at node:internal/deps/undici/undici:14976:13\n    at process.processTicksAndRejections (node:internal/process/task_queues:95:5)"}
{"level":"error","message":"[mongoMeili] Error checking index messages: fetch failed","name":"MeiliSearchCommunicationError","stack":"MeiliSearchCommunicationError: fetch failed\n    at node:internal/deps/undici/undici:14976:13\n    at process.processTicksAndRejections (node:internal/process/task_queues:95:5)"}
{"level":"error","message":"[mongoMeili] Error updating index settings for convos: fetch failed","name":"MeiliSearchCommunicationError","stack":"MeiliSearchCommunicationError: fetch failed\n    at node:internal/deps/undici/undici:14976:13\n    at process.processTicksAndRejections (node:internal/process/task_queues:95:5)"}
{"level":"error","message":"[mongoMeili] Error updating index settings for messages: fetch failed","name":"MeiliSearchCommunicationError","stack":"MeiliSearchCommunicationError: fetch failed\n    at node:internal/deps/undici/undici:14976:13\n    at process.processTicksAndRejections (node:internal/process/task_queues:95:5)"}
{"level":"error","message":"[mongoMeili] Error checking index convos: fetch failed","name":"MeiliSearchCommunicationError","stack":"MeiliSearchCommunicationError: fetch failed\n    at node:internal/deps/undici/undici:14976:13\n    at process.processTicksAndRejections (node:internal/process/task_queues:95:5)"}
{"level":"error","message":"[mongoMeili] Error checking index messages: fetch failed","name":"MeiliSearchCommunicationError","stack":"MeiliSearchCommunicationError: fetch failed\n    at node:internal/deps/undici/undici:14976:13\n    at process.processTicksAndRejections (node:internal/process/task_queues:95:5)"}
{"level":"error","message":"[mongoMeili] Error updating index settings for convos: fetch failed","name":"MeiliSearchCommunicationError","stack":"MeiliSearchCommunicationError: fetch failed\n    at node:internal/deps/undici/undici:14976:13\n    at process.processTicksAndRejections (node:internal/process/task_queues:95:5)"}
{"level":"error","message":"[mongoMeili] Error updating index settings for messages: fetch failed","name":"MeiliSearchCommunicationError","stack":"MeiliSearchCommunicationError: fetch failed\n    at node:internal/deps/undici/undici:14976:13\n    at process.processTicksAndRejections (node:internal/process/task_queues:95:5)"}
